==33177== Memcheck, a memory error detector
==33177== Copyright (C) 2002-2017, and GNU GPL'd, by Julian Seward et al.
==33177== Using Valgrind-3.18.1 and LibVEX; rerun with -h for copyright info
==33177== Command: ./philo 5 10000 500 500 2
==33177== Parent PID: 811
==33177== 
==33177== 
==33177== Process terminating with default action of signal 2 (SIGINT)
==33177==    at 0x48FA117: __futex_abstimed_wait_common64 (futex-internal.c:57)
==33177==    by 0x48FA117: __futex_abstimed_wait_common (futex-internal.c:87)
==33177==    by 0x48FA117: __futex_abstimed_wait_cancelable64 (futex-internal.c:139)
==33177==    by 0x48FF623: __pthread_clockjoin_ex (pthread_join_common.c:105)
==33177==    by 0x10A596: init_threads (threads_utils.c:63)
==33177==    by 0x10934D: main (philo.c:25)
==33177== 
==33177== HEAP SUMMARY:
==33177==     in use at exit: 3,024 bytes in 8 blocks
==33177==   total heap usage: 8 allocs, 0 frees, 3,024 bytes allocated
==33177== 
==33177== 240 bytes in 1 blocks are still reachable in loss record 1 of 4
==33177==    at 0x4848899: malloc (in /usr/libexec/valgrind/vgpreload_memcheck-amd64-linux.so)
==33177==    by 0x1095FC: init_table (init.c:51)
==33177==    by 0x109907: set_philos (init.c:102)
==33177==    by 0x1098A3: set_table (init.c:90)
==33177==    by 0x109336: main (philo.c:23)
==33177== 
==33177== 400 bytes in 1 blocks are still reachable in loss record 2 of 4
==33177==    at 0x4848899: malloc (in /usr/libexec/valgrind/vgpreload_memcheck-amd64-linux.so)
==33177==    by 0x109935: set_philos (init.c:104)
==33177==    by 0x1098A3: set_table (init.c:90)
==33177==    by 0x109336: main (philo.c:23)
==33177== 
==33177== 1,024 bytes in 1 blocks are still reachable in loss record 3 of 4
==33177==    at 0x4848899: malloc (in /usr/libexec/valgrind/vgpreload_memcheck-amd64-linux.so)
==33177==    by 0x48E7BA3: _IO_file_doallocate (filedoalloc.c:101)
==33177==    by 0x48F6CDF: _IO_doallocbuf (genops.c:347)
==33177==    by 0x48F5F5F: _IO_file_overflow@@GLIBC_2.2.5 (fileops.c:744)
==33177==    by 0x48F46D4: _IO_new_file_xsputn (fileops.c:1243)
==33177==    by 0x48F46D4: _IO_file_xsputn@@GLIBC_2.2.5 (fileops.c:1196)
==33177==    by 0x48DECA8: outstring_func (vfprintf-internal.c:239)
==33177==    by 0x48DECA8: __vfprintf_internal (vfprintf-internal.c:1516)
==33177==    by 0x48C979E: printf (printf.c:33)
==33177==    by 0x10A0C4: print_state (threads.c:59)
==33177==    by 0x109BB4: thinking (routines.c:47)
==33177==    by 0x109CA3: philo_routines (routines.c:69)
==33177==    by 0x48FDAC2: start_thread (pthread_create.c:442)
==33177==    by 0x498EA03: clone (clone.S:100)
==33177== 
==33177== 1,360 bytes in 5 blocks are possibly lost in loss record 4 of 4
==33177==    at 0x484DA83: calloc (in /usr/libexec/valgrind/vgpreload_memcheck-amd64-linux.so)
==33177==    by 0x40147D9: calloc (rtld-malloc.h:44)
==33177==    by 0x40147D9: allocate_dtv (dl-tls.c:375)
==33177==    by 0x40147D9: _dl_allocate_tls (dl-tls.c:634)
==33177==    by 0x48FE7B4: allocate_stack (allocatestack.c:430)
==33177==    by 0x48FE7B4: pthread_create@@GLIBC_2.34 (pthread_create.c:647)
==33177==    by 0x10A51B: init_threads (threads_utils.c:55)
==33177==    by 0x10934D: main (philo.c:25)
==33177== 
==33177== LEAK SUMMARY:
==33177==    definitely lost: 0 bytes in 0 blocks
==33177==    indirectly lost: 0 bytes in 0 blocks
==33177==      possibly lost: 1,360 bytes in 5 blocks
==33177==    still reachable: 1,664 bytes in 3 blocks
==33177==         suppressed: 0 bytes in 0 blocks
==33177== 
==33177== For lists of detected and suppressed errors, rerun with: -s
==33177== ERROR SUMMARY: 1 errors from 1 contexts (suppressed: 0 from 0)
